 Program working directory was: /home/piyush/Documents/EclipseWorkspaceTest_codon/IBG-FISHR-LOWRAM_HACKY 
Program version was: /home/piyush/Documents/EclipseWorkspaceTest_codon/IBG-FISHR-LOWRAM_HACKY/IBG-FISHR-LOWRAM_HACKY 
Program options:
-bmatch file: ./src/BEAGLE.bmatch 
-bmid file: ./src/BEAGLE.bmid 
-bsid file: ./src/BEAGLE.bsid 
-ped file: ./src/Beagle.Phased.Group2.1k.ped 
-holdout ped file:  
-holdoutmap file:  
-output type: finalOutput 
- missing SNP representation in pedfile:  
-log file: logs_22_Beagle 
min snp length : 64 
min cm length : 3 
gap to consolidate : 100 
moving averages window size : 50 
discard ends to calculate pct err : 50  
percentage error threshold: 0.9

 User supplied ma-threshold is: 0.2
 Moving Averages will be tested usign the empirical threshold: 0
 
 No of segments deemed to be IBD for finding empirical error threshold 883 
 No of segments deemed to be IBD for finding empirical error threshold in hold out are 0
 
 corresponding empirical error threshold for 0.9 is: 0.015 

 
 No of matches removed due to percentage error: 0 
 No of matches removed due to length of trimming by moving averages: 7881 
 No of matches removed due hold out ped file checking: 0 
 No of matches removed due to initial length: 0
 The program started at: Sun Jul 17 01:38:52 2016

 The program ended at: Sun Jul 17 01:38:55 2016
  Total time ( in seconds): 3
